<?xml version="1.0" encoding="UTF-8"?>
<testsuite name="com.sunil.youandme.YouandmeApplicationTests" tests="1" skipped="0" failures="0" errors="0" timestamp="2024-09-15T10:59:35" hostname="DESKTOP-PCRUVFN" time="0.552">
  <properties/>
  <testcase name="contextLoads()" classname="com.sunil.youandme.YouandmeApplicationTests" time="0.552"/>
  <system-out><![CDATA[19:59:33.978 [Test worker] INFO org.springframework.test.context.support.AnnotationConfigContextLoaderUtils -- Could not detect default configuration classes for test class [com.sunil.youandme.YouandmeApplicationTests]: YouandmeApplicationTests does not declare any static, non-private, non-final, nested classes annotated with @Configuration.
19:59:34.054 [Test worker] INFO org.springframework.boot.test.context.SpringBootTestContextBootstrapper -- Found @SpringBootConfiguration com.sunil.youandme.YouandmeApplication for test class com.sunil.youandme.YouandmeApplicationTests

  .   ____          _            __ _ _
 /\\ / ___'_ __ _ _(_)_ __  __ _ \ \ \ \
( ( )\___ | '_ | '_| | '_ \/ _` | \ \ \ \
 \\/  ___)| |_)| | | | | || (_| |  ) ) ) )
  '  |____| .__|_| |_|_| |_\__, | / / / /
 =========|_|==============|___/=/_/_/_/

 :: Spring Boot ::                (v3.3.3)

2024-09-15T19:59:34.329+09:00  INFO 15780 --- [youandme] [    Test worker] c.s.youandme.YouandmeApplicationTests    : Starting YouandmeApplicationTests using Java 17.0.11 with PID 15780 (started by USER in C:\youAndMe)
2024-09-15T19:59:34.330+09:00  INFO 15780 --- [youandme] [    Test worker] c.s.youandme.YouandmeApplicationTests    : No active profile set, falling back to 1 default profile: "default"
2024-09-15T19:59:34.890+09:00  INFO 15780 --- [youandme] [    Test worker] o.s.b.a.w.s.WelcomePageHandlerMapping    : Adding welcome page template: index
2024-09-15T19:59:35.052+09:00  INFO 15780 --- [youandme] [    Test worker] c.s.youandme.YouandmeApplicationTests    : Started YouandmeApplicationTests in 0.884 seconds (process running for 1.705)
]]></system-out>
  <system-err><![CDATA[]]></system-err>
</testsuite>
